<?xml version="1.0" encoding="UTF-8"?>
<!-- Generated by org.testng.reporters.JUnitReportReporter -->
<testsuite hostname="Nadim-Mahmud" failures="0" tests="1" name="TestNG.test1" time="11.091" errors="0" timestamp="20 May 2021 23:33:12 GMT">
  <testcase classname="TestNG.test1" name="empty_search_test" time="11.091"/>
</testsuite> <!-- TestNG.test1 -->
